2024-07-22 06:56:58 - Starting BankingmanagementApiApplication using Java 21.0.2 with PID 1731 (/Users/arunkumarashokan/SpringBootAppsDev/bankingmanagement-api/build/classes/java/main started by arunkumarashokan in /Users/arunkumarashokan/SpringBootAppsDev/bankingmanagement-api)
2024-07-22 06:56:58 - Running with Spring Boot v3.2.5, Spring v6.1.6
2024-07-22 06:56:58 - No active profile set, falling back to 1 default profile: "default"
2024-07-22 06:56:58 - Devtools property defaults active! Set 'spring.devtools.add-properties' to 'false' to disable
2024-07-22 06:56:58 - For additional web related logging consider setting the 'logging.level.web' property to 'DEBUG'
2024-07-22 06:56:59 - Bootstrapping Spring Data MongoDB repositories in DEFAULT mode.
2024-07-22 06:56:59 - Finished Spring Data repository scanning in 18 ms. Found 5 MongoDB repository interfaces.
2024-07-22 06:56:59 - Tomcat initialized with port 9095 (http)
2024-07-22 06:56:59 - Starting service [Tomcat]
2024-07-22 06:56:59 - Starting Servlet engine: [Apache Tomcat/10.1.20]
2024-07-22 06:56:59 - Initializing Spring embedded WebApplicationContext
2024-07-22 06:56:59 - Root WebApplicationContext: initialization completed in 618 ms
2024-07-22 06:56:59 - MongoClient with metadata {"driver": {"name": "mongo-java-driver|sync|spring-boot", "version": "4.11.2"}, "os": {"type": "Darwin", "name": "Mac OS X", "architecture": "aarch64", "version": "14.1"}, "platform": "Java/Oracle Corporation/21.0.2+13-58"} created with settings MongoClientSettings{readPreference=primary, writeConcern=WriteConcern{w=null, wTimeout=null ms, journal=null}, retryWrites=true, retryReads=true, readConcern=ReadConcern{level=null}, credential=null, transportSettings=null, streamFactoryFactory=null, commandListeners=[io.micrometer.core.instrument.binder.mongodb.MongoMetricsCommandListener@3f80cdb], codecRegistry=ProvidersCodecRegistry{codecProviders=[ValueCodecProvider{}, BsonValueCodecProvider{}, DBRefCodecProvider{}, DBObjectCodecProvider{}, DocumentCodecProvider{}, CollectionCodecProvider{}, IterableCodecProvider{}, MapCodecProvider{}, GeoJsonCodecProvider{}, GridFSFileCodecProvider{}, Jsr310CodecProvider{}, JsonObjectCodecProvider{}, BsonCodecProvider{}, EnumCodecProvider{}, com.mongodb.client.model.mql.ExpressionCodecProvider@343f16af, com.mongodb.Jep395RecordCodecProvider@1f34be34, com.mongodb.KotlinCodecProvider@19940a86]}, loggerSettings=LoggerSettings{maxDocumentLength=1000}, clusterSettings={hosts=[localhost:27017], srvServiceName=mongodb, mode=SINGLE, requiredClusterType=UNKNOWN, requiredReplicaSetName='null', serverSelector='null', clusterListeners='[]', serverSelectionTimeout='30000 ms', localThreshold='15 ms'}, socketSettings=SocketSettings{connectTimeoutMS=10000, readTimeoutMS=0, receiveBufferSize=0, proxySettings=ProxySettings{host=null, port=null, username=null, password=null}}, heartbeatSocketSettings=SocketSettings{connectTimeoutMS=10000, readTimeoutMS=10000, receiveBufferSize=0, proxySettings=ProxySettings{host=null, port=null, username=null, password=null}}, connectionPoolSettings=ConnectionPoolSettings{maxSize=100, minSize=0, maxWaitTimeMS=120000, maxConnectionLifeTimeMS=0, maxConnectionIdleTimeMS=0, maintenanceInitialDelayMS=0, maintenanceFrequencyMS=60000, connectionPoolListeners=[io.micrometer.core.instrument.binder.mongodb.MongoMetricsConnectionPoolListener@5a4943bb], maxConnecting=2}, serverSettings=ServerSettings{heartbeatFrequencyMS=10000, minHeartbeatFrequencyMS=500, serverListeners='[]', serverMonitorListeners='[]'}, sslSettings=SslSettings{enabled=false, invalidHostNameAllowed=false, context=null}, applicationName='null', compressorList=[], uuidRepresentation=JAVA_LEGACY, serverApi=null, autoEncryptionSettings=null, dnsClient=null, inetAddressResolver=null, contextProvider=null}
2024-07-22 06:56:59 - Monitor thread successfully connected to server with description ServerDescription{address=localhost:27017, type=STANDALONE, state=CONNECTED, ok=true, minWireVersion=0, maxWireVersion=21, maxDocumentSize=16777216, logicalSessionTimeoutMinutes=30, roundTripTimeNanos=22401541}
2024-07-22 06:56:59 - LiveReload server is running on port 35729
2024-07-22 06:56:59 - Exposing 9 endpoint(s) beneath base path '/actuator'
2024-07-22 06:56:59 - Will secure Or [Mvc [pattern='/api/**']] with [org.springframework.security.web.session.DisableEncodeUrlFilter@1c9fde3b, org.springframework.security.web.context.request.async.WebAsyncManagerIntegrationFilter@78719fe7, org.springframework.security.web.context.SecurityContextHolderFilter@538f121, org.springframework.security.web.header.HeaderWriterFilter@61270ed9, org.springframework.web.filter.CorsFilter@2fc413fd, org.springframework.security.web.csrf.CsrfFilter@472c4b8e, org.springframework.security.web.authentication.logout.LogoutFilter@30d28a00, org.springframework.security.web.authentication.www.BasicAuthenticationFilter@130ef087, org.springframework.security.web.savedrequest.RequestCacheAwareFilter@25edecd4, org.springframework.security.web.servletapi.SecurityContextHolderAwareRequestFilter@433418e0, org.springframework.security.web.authentication.AnonymousAuthenticationFilter@1481d6f2, org.springframework.security.web.access.ExceptionTranslationFilter@77973263, org.springframework.security.web.access.intercept.AuthorizationFilter@77a36ea7]
2024-07-22 06:56:59 - Tomcat started on port 9095 (http) with context path ''
2024-07-22 06:56:59 - Started BankingmanagementApiApplication in 1.468 seconds (process running for 1.653)
2024-07-22 06:56:59 - spring boot started123
